2026-05-26T11:13:41.498Z starting vite on 127.0.0.1:4173
2026-05-26T11:13:42.067Z vite ready
2026-05-26T11:13:42.068Z launch chromium
2026-05-26T11:13:42.114Z chromium ready
2026-05-26T11:13:42.114Z context cs310-precise-time-paris desktop
2026-05-26T11:13:42.154Z capture cs310-precise-time-paris desktop
2026-05-26T11:13:42.154Z goto cs310-precise-time-paris desktop
2026-05-26T11:13:42.281Z goto committed cs310-precise-time-paris desktop
2026-05-26T11:13:46.114Z body ready cs310-precise-time-paris desktop
2026-05-26T11:13:46.826Z context cs310-missing-time-paris desktop
2026-05-26T11:13:46.855Z capture cs310-missing-time-paris desktop
2026-05-26T11:13:46.855Z goto cs310-missing-time-paris desktop
2026-05-26T11:13:46.860Z goto committed cs310-missing-time-paris desktop
2026-05-26T11:13:50.076Z body ready cs310-missing-time-paris desktop
2026-05-26T11:13:50.661Z context cs310-missing-time-paris mobile
2026-05-26T11:13:50.691Z capture cs310-missing-time-paris mobile
2026-05-26T11:13:50.691Z goto cs310-missing-time-paris mobile
2026-05-26T11:13:50.696Z goto committed cs310-missing-time-paris mobile
2026-05-26T11:13:53.896Z body ready cs310-missing-time-paris mobile
2026-05-26T11:13:54.144Z context cs310-foreign-location-tokyo desktop
2026-05-26T11:13:54.172Z capture cs310-foreign-location-tokyo desktop
2026-05-26T11:13:54.173Z goto cs310-foreign-location-tokyo desktop
2026-05-26T11:13:54.178Z goto committed cs310-foreign-location-tokyo desktop
2026-05-26T11:13:57.380Z body ready cs310-foreign-location-tokyo desktop
2026-05-26T11:13:58.027Z context cs310-controlled-incomplete desktop
2026-05-26T11:13:58.058Z capture cs310-controlled-incomplete desktop
2026-05-26T11:13:58.058Z goto cs310-controlled-incomplete desktop
2026-05-26T11:13:58.063Z goto committed cs310-controlled-incomplete desktop
2026-05-26T11:13:58.538Z console cs310-controlled-incomplete desktop: Failed to load resource: the server responded with a status of 404 (Not Found)
2026-05-26T11:14:01.263Z body ready cs310-controlled-incomplete desktop
2026-05-26T11:14:01.455Z context cs310-controlled-incomplete mobile
2026-05-26T11:14:01.485Z capture cs310-controlled-incomplete mobile
2026-05-26T11:14:01.485Z goto cs310-controlled-incomplete mobile
2026-05-26T11:14:01.489Z goto committed cs310-controlled-incomplete mobile
2026-05-26T11:14:01.968Z console cs310-controlled-incomplete mobile: Failed to load resource: the server responded with a status of 404 (Not Found)
2026-05-26T11:14:04.700Z body ready cs310-controlled-incomplete mobile
2026-05-26T11:14:04.776Z context cs310-standard-lyon desktop
2026-05-26T11:14:04.808Z capture cs310-standard-lyon desktop
2026-05-26T11:14:04.808Z goto cs310-standard-lyon desktop
2026-05-26T11:14:04.814Z goto committed cs310-standard-lyon desktop
2026-05-26T11:14:08.023Z body ready cs310-standard-lyon desktop
2026-05-26T11:14:08.721Z CS-314 captures: 7 screenshots
